logs/experiment/Discrete_A2C_10x10x10Bin_s42_inh_800_defaultBox-2022.08.20-14-32-58/PCT-Discrete_A2C_10x10x10Bin_s42_inh_800_defaultBox-2022.08.20-14-32-58_2022.08.20-14-44-07.pt
logs/experiment/Discrete_A2C_10x10x10Bin_s42_inh_800_defaultBox-2022.08.20-14-32-58/PCT-Discrete_A2C_10x10x10Bin_s42_inh_800_defaultBox-2022.08.20-14-32-58_2022.08.20-14-55-12.pt
logs/experiment/Discrete_A2C_10x10x10Bin_s42_inh_800_defaultBox-2022.08.20-14-32-58/PCT-Discrete_A2C_10x10x10Bin_s42_inh_800_defaultBox-2022.08.20-14-32-58_2022.08.20-15-06-16.pt
logs/experiment/Discrete_A2C_10x10x10Bin_s42_inh_800_defaultBox-2022.08.20-14-32-58/PCT-Discrete_A2C_10x10x10Bin_s42_inh_800_defaultBox-2022.08.20-14-32-58_2022.08.20-15-17-18.pt
logs/experiment/Discrete_A2C_10x10x10Bin_s42_inh_800_defaultBox-2022.08.20-14-32-58/PCT-Discrete_A2C_10x10x10Bin_s42_inh_800_defaultBox-2022.08.20-14-32-58_2022.08.20-15-28-21.pt
logs/experiment/Discrete_A2C_10x10x10Bin_s42_inh_800_defaultBox-2022.08.20-14-32-58/PCT-Discrete_A2C_10x10x10Bin_s42_inh_800_defaultBox-2022.08.20-14-32-58_2022.08.20-15-39-25.pt
logs/experiment/Discrete_A2C_10x10x10Bin_s42_inh_800_defaultBox-2022.08.20-14-32-58/PCT-Discrete_A2C_10x10x10Bin_s42_inh_800_defaultBox-2022.08.20-14-32-58_2022.08.20-15-50-29.pt
logs/experiment/Discrete_A2C_10x10x10Bin_s42_inh_800_defaultBox-2022.08.20-14-32-58/PCT-Discrete_A2C_10x10x10Bin_s42_inh_800_defaultBox-2022.08.20-14-32-58_2022.08.20-16-01-32.pt
logs/experiment/Discrete_A2C_10x10x10Bin_s42_inh_800_defaultBox-2022.08.20-14-32-58/PCT-Discrete_A2C_10x10x10Bin_s42_inh_800_defaultBox-2022.08.20-14-32-58_2022.08.20-16-12-33.pt
logs/experiment/Discrete_A2C_10x10x10Bin_s42_inh_800_defaultBox-2022.08.20-14-32-58/PCT-Discrete_A2C_10x10x10Bin_s42_inh_800_defaultBox-2022.08.20-14-32-58_2022.08.20-16-23-34.pt
logs/experiment/Discrete_A2C_10x10x10Bin_s42_inh_800_defaultBox-2022.08.20-14-32-58/PCT-Discrete_A2C_10x10x10Bin_s42_inh_800_defaultBox-2022.08.20-14-32-58_2022.08.20-16-34-34.pt
logs/experiment/Discrete_A2C_10x10x10Bin_s42_inh_800_defaultBox-2022.08.20-14-32-58/PCT-Discrete_A2C_10x10x10Bin_s42_inh_800_defaultBox-2022.08.20-14-32-58_2022.08.20-16-45-35.pt
logs/experiment/Discrete_A2C_10x10x10Bin_s42_inh_800_defaultBox-2022.08.20-14-32-58/PCT-Discrete_A2C_10x10x10Bin_s42_inh_800_defaultBox-2022.08.20-14-32-58_2022.08.20-16-56-36.pt
logs/experiment/Discrete_A2C_10x10x10Bin_s42_inh_800_defaultBox-2022.08.20-14-32-58/PCT-Discrete_A2C_10x10x10Bin_s42_inh_800_defaultBox-2022.08.20-14-32-58_2022.08.20-17-07-35.pt
logs/experiment/Discrete_A2C_10x10x10Bin_s42_inh_800_defaultBox-2022.08.20-14-32-58/PCT-Discrete_A2C_10x10x10Bin_s42_inh_800_defaultBox-2022.08.20-14-32-58_2022.08.20-17-18-35.pt
logs/experiment/Discrete_A2C_10x10x10Bin_s42_inh_800_defaultBox-2022.08.20-14-32-58/PCT-Discrete_A2C_10x10x10Bin_s42_inh_800_defaultBox-2022.08.20-14-32-58_2022.08.20-17-29-35.pt
logs/experiment/Discrete_A2C_10x10x10Bin_s42_inh_800_defaultBox-2022.08.20-14-32-58/PCT-Discrete_A2C_10x10x10Bin_s42_inh_800_defaultBox-2022.08.20-14-32-58_2022.08.20-17-40-35.pt
logs/experiment/Discrete_A2C_10x10x10Bin_s42_inh_800_defaultBox-2022.08.20-14-32-58/PCT-Discrete_A2C_10x10x10Bin_s42_inh_800_defaultBox-2022.08.20-14-32-58_2022.08.20-17-51-34.pt
logs/experiment/Discrete_A2C_10x10x10Bin_s42_inh_800_defaultBox-2022.08.20-14-32-58/PCT-Discrete_A2C_10x10x10Bin_s42_inh_800_defaultBox-2022.08.20-14-32-58_2022.08.20-18-02-33.pt
logs/experiment/Discrete_A2C_10x10x10Bin_s42_inh_800_defaultBox-2022.08.20-14-32-58/PCT-Discrete_A2C_10x10x10Bin_s42_inh_800_defaultBox-2022.08.20-14-32-58_2022.08.20-18-13-32.pt
logs/experiment/Discrete_A2C_10x10x10Bin_s42_inh_800_defaultBox-2022.08.20-14-32-58/PCT-Discrete_A2C_10x10x10Bin_s42_inh_800_defaultBox-2022.08.20-14-32-58_2022.08.20-18-24-32.pt
logs/experiment/Discrete_A2C_10x10x10Bin_s42_inh_800_defaultBox-2022.08.20-14-32-58/PCT-Discrete_A2C_10x10x10Bin_s42_inh_800_defaultBox-2022.08.20-14-32-58_2022.08.20-18-35-31.pt
logs/experiment/Discrete_A2C_10x10x10Bin_s42_inh_800_defaultBox-2022.08.20-14-32-58/PCT-Discrete_A2C_10x10x10Bin_s42_inh_800_defaultBox-2022.08.20-14-32-58_2022.08.20-18-46-31.pt
logs/experiment/Discrete_A2C_10x10x10Bin_s42_inh_800_defaultBox-2022.08.20-14-32-58/PCT-Discrete_A2C_10x10x10Bin_s42_inh_800_defaultBox-2022.08.20-14-32-58_2022.08.20-18-57-29.pt
logs/experiment/Discrete_A2C_10x10x10Bin_s42_inh_800_defaultBox-2022.08.20-14-32-58/PCT-Discrete_A2C_10x10x10Bin_s42_inh_800_defaultBox-2022.08.20-14-32-58_2022.08.20-19-08-29.pt
logs/experiment/Discrete_A2C_10x10x10Bin_s42_inh_800_defaultBox-2022.08.20-14-32-58/PCT-Discrete_A2C_10x10x10Bin_s42_inh_800_defaultBox-2022.08.20-14-32-58_2022.08.20-19-19-29.pt
logs/experiment/Discrete_A2C_10x10x10Bin_s42_inh_800_defaultBox-2022.08.20-14-32-58/PCT-Discrete_A2C_10x10x10Bin_s42_inh_800_defaultBox-2022.08.20-14-32-58_2022.08.20-19-30-30.pt
logs/experiment/Discrete_A2C_10x10x10Bin_s42_inh_800_defaultBox-2022.08.20-14-32-58/PCT-Discrete_A2C_10x10x10Bin_s42_inh_800_defaultBox-2022.08.20-14-32-58_2022.08.20-19-41-30.pt
logs/experiment/Discrete_A2C_10x10x10Bin_s42_inh_800_defaultBox-2022.08.20-14-32-58/PCT-Discrete_A2C_10x10x10Bin_s42_inh_800_defaultBox-2022.08.20-14-32-58_2022.08.20-19-52-29.pt
logs/experiment/Discrete_A2C_10x10x10Bin_s42_inh_800_defaultBox-2022.08.20-14-32-58/PCT-Discrete_A2C_10x10x10Bin_s42_inh_800_defaultBox-2022.08.20-14-32-58_2022.08.20-20-03-27.pt
logs/experiment/Discrete_A2C_10x10x10Bin_s42_inh_800_defaultBox-2022.08.20-14-32-58/PCT-Discrete_A2C_10x10x10Bin_s42_inh_800_defaultBox-2022.08.20-14-32-58_2022.08.20-20-14-26.pt
logs/experiment/Discrete_A2C_10x10x10Bin_s42_inh_800_defaultBox-2022.08.20-14-32-58/PCT-Discrete_A2C_10x10x10Bin_s42_inh_800_defaultBox-2022.08.20-14-32-58_2022.08.20-20-25-24.pt
logs/experiment/Discrete_A2C_10x10x10Bin_s42_inh_800_defaultBox-2022.08.20-14-32-58/PCT-Discrete_A2C_10x10x10Bin_s42_inh_800_defaultBox-2022.08.20-14-32-58_2022.08.20-20-36-23.pt
logs/experiment/Discrete_A2C_10x10x10Bin_s42_inh_800_defaultBox-2022.08.20-14-32-58/PCT-Discrete_A2C_10x10x10Bin_s42_inh_800_defaultBox-2022.08.20-14-32-58_2022.08.20-20-47-22.pt

logs/experiment/Discrete_A2C_10x10x10Bin_s42_inh_800_defaultBox-2022.08.20-14-32-58/PctDiscrete0:
bin3D.py
binCreator.py
convex_hull.py
__init__.py
PctTools.py
__pycache__
space.py
